23:54:22.252 [main] DEBUG org.jboss.logging - Logging Provider: org.jboss.logging.Slf4jLoggerProvider
23:54:22.417 [main] INFO  com.lab.server.ServerLogger - Файл успешно прочитан, ожидание подключения
23:54:26.482 [main] INFO  com.lab.server.ServerLogger - Клиент подключился
23:54:31.400 [main] DEBUG com.lab.server.ServerLogger - Прочитано 175 байт
23:54:31.422 [main] INFO  com.lab.server.ServerLogger - Клиент отправил запрос: [Имя команды = info]
23:54:31.422 [main] INFO  com.lab.server.ServerLogger - Результат исполнения запроса: Тип коллекции - class java.util.TreeSet
Количество элементов - 8
Дата инициализации - 2022-04-18T23:54:22.415346400
23:54:31.424 [main] INFO  com.lab.server.ServerLogger - Отправлен ответ размером 288 байт
23:54:41.644 [main] DEBUG com.lab.server.ServerLogger - Прочитано 175 байт
23:54:41.646 [main] INFO  com.lab.server.ServerLogger - Клиент отправил запрос: [Имя команды = help]
23:54:41.648 [main] INFO  com.lab.server.ServerLogger - Результат исполнения запроса: add: добавить новый элемент в коллекцию
max_by_distance: вывести любой объект из коллекции, значение поля distance которого является максимальным
add_if_min: добавить новый элемент в коллекцию, если его значение меньше, чем у наименьшего элемента этой коллекции
clear: очистить коллекцию
show: вывести в стандартный поток вывода все элементы коллекции в строковом представлении
remove_by_id: удалить элемент из коллекции по его id
update: обновить значение элемента коллекции, id которого равен заданному
remove_greater: удалить из коллекции все элементы, превышающие заданный
remove_lower: удалить из коллекции все элементы, меньшие, чем заданный
help: вывести справку по доступным командам
count_less_than_distance: вывести количество элементов, значение поля distance которых меньше заданного
count_greater_than_distance: вывести количество элементов, значение поля distance которых больше заданного
info: вывести в стандартный поток вывода информацию о коллекции (тип, дата инициализации, количество элементов и т.д.)
23:54:41.648 [main] INFO  com.lab.server.ServerLogger - Отправлен ответ размером 1847 байт
23:56:02.638 [main] DEBUG com.lab.server.ServerLogger - null
23:56:02.638 [main] INFO  com.lab.server.ServerLogger - Клиент отключился
23:56:49.653 [Thread-0] INFO  com.lab.server.ServerLogger - На сервера введена команда "exit"
23:56:49.668 [Thread-0] INFO  com.lab.server.ServerLogger - Коллекция успешно сохранена в файл
23:56:49.668 [Thread-0] INFO  com.lab.server.ServerLogger - Работа сервера остановлена
